INFO:     Will watch for changes in these directories: ['C:\\Users\\ipane\\Downloads\\app\\teso_core\\api']
INFO:     Uvicorn running on http://0.0.0.0:8000 (Press CTRL+C to quit)
INFO:     Started reloader process [13620] using StatReload
Process SpawnProcess-1:
Traceback (most recent call last):
  File "C:\Users\ipane\AppData\Local\Programs\Python\Python313\Lib\multiprocessing\process.py", line 313, in _bootstrap
    self.run()
    ~~~~~~~~^^
  File "C:\Users\ipane\AppData\Local\Programs\Python\Python313\Lib\multiprocessing\process.py", line 108, in run
    self._target(*self._args, **self._kwargs)
    ~~~~~~~~~~~~^^^^^^^^^^^^^^^^^^^^^^^^^^^^^
  File "C:\Users\ipane\Downloads\app\teso_core\api\venv\Lib\site-packages\uvicorn\_subprocess.py", line 80, in subprocess_started
    target(sockets=sockets)
    ~~~~~~^^^^^^^^^^^^^^^^^
  File "C:\Users\ipane\Downloads\app\teso_core\api\venv\Lib\site-packages\uvicorn\server.py", line 67, in run
    return asyncio_run(self.serve(sockets=sockets), loop_factory=self.config.get_loop_factory())
  File "C:\Users\ipane\AppData\Local\Programs\Python\Python313\Lib\asyncio\runners.py", line 195, in run
    return runner.run(main)
           ~~~~~~~~~~^^^^^^
  File "C:\Users\ipane\AppData\Local\Programs\Python\Python313\Lib\asyncio\runners.py", line 118, in run
    return self._loop.run_until_complete(task)
           ~~~~~~~~~~~~~~~~~~~~~~~~~~~~~^^^^^^
  File "C:\Users\ipane\AppData\Local\Programs\Python\Python313\Lib\asyncio\base_events.py", line 725, in run_until_complete
    return future.result()
           ~~~~~~~~~~~~~^^
  File "C:\Users\ipane\Downloads\app\teso_core\api\venv\Lib\site-packages\uvicorn\server.py", line 71, in serve
    await self._serve(sockets)
  File "C:\Users\ipane\Downloads\app\teso_core\api\venv\Lib\site-packages\uvicorn\server.py", line 78, in _serve
    config.load()
    ~~~~~~~~~~~^^
  File "C:\Users\ipane\Downloads\app\teso_core\api\venv\Lib\site-packages\uvicorn\config.py", line 439, in load
    self.loaded_app = import_from_string(self.app)
                      ~~~~~~~~~~~~~~~~~~^^^^^^^^^^
  File "C:\Users\ipane\Downloads\app\teso_core\api\venv\Lib\site-packages\uvicorn\importer.py", line 19, in import_from_string
    module = importlib.import_module(module_str)
  File "C:\Users\ipane\AppData\Local\Programs\Python\Python313\Lib\importlib\__init__.py", line 88, in import_module
    return _bootstrap._gcd_import(name[level:], package, level)
           ~~~~~~~~~~~~~~~~~~~~~~^^^^^^^^^^^^^^^^^^^^^^^^^^^^^^
  File "<frozen importlib._bootstrap>", line 1387, in _gcd_import
  File "<frozen importlib._bootstrap>", line 1360, in _find_and_load
  File "<frozen importlib._bootstrap>", line 1331, in _find_and_load_unlocked
  File "<frozen importlib._bootstrap>", line 935, in _load_unlocked
  File "<frozen importlib._bootstrap_external>", line 1026, in exec_module
  File "<frozen importlib._bootstrap>", line 488, in _call_with_frames_removed
  File "C:\Users\ipane\Downloads\app\teso_core\api\main.py", line 3, in <module>
    from simulation_engine import generate_financial_simulation
  File "C:\Users\ipane\Downloads\app\teso_core\api\simulation_engine.py", line 8, in <module>
    from database import get_db, engine
  File "C:\Users\ipane\Downloads\app\teso_core\api\database.py", line 28, in <module>
    print("--- \U0001f7e1 NO DATABASE_URL FOUND. RUNNING IN 'MEMORY-ONLY' MODE (LEGACY EXCEL). ---")
    ~~~~~^^^^^^^^^^^^^^^^^^^^^^^^^^^^^^^^^^^^^^^^^^^^^^^^^^^^^^^^^^^^^^^^^^^^^^^^^^^^^^^^^^^
  File "C:\Users\ipane\AppData\Local\Programs\Python\Python313\Lib\encodings\cp1252.py", line 19, in encode
    return codecs.charmap_encode(input,self.errors,encoding_table)[0]
           ~~~~~~~~~~~~~~~~~~~~~^^^^^^^^^^^^^^^^^^^^^^^^^^^^^^^^^^
UnicodeEncodeError: 'charmap' codec can't encode character '\U0001f7e1' in position 4: character maps to <undefined>
WARNING:  StatReload detected changes in 'simulation_engine.py'. Reloading...
 
